<?xml version="1.0" encoding="UTF-8"?>
<TestRun id="be535203-9205-4baa-b9f8-73a6a9c70839" name="ravichandran@CLIENT129 2013-08-30 21:59:54" runUser="DOTCOM\ravichandran" xmlns="http://microsoft.com/schemas/VisualStudio/TeamTest/2010">
  <TestSettings name="Default Test Settings" id="648fb14f-45ea-45fb-b2d8-25903c15ad23">
    <Deployment runDeploymentRoot="ravichandran_CLIENT129 2013-08-30 21_59_54">
      <DeploymentItem filename="C:\Users\ravichandran\Documents\GitHub\MeteredRateFareCalculation\MeteredRateFareCalculation\MeteredRateFareCalculation\bin\Debug\MeteredRateFareCalculation.exe" />
      <DeploymentItem filename="C:\Users\ravichandran\Documents\GitHub\MeteredRateFareCalculation\MeteredRateFareCalculation\FareCalculationLibrary\bin\Debug\FareCalculationLibrary.dll" />
    </Deployment>
    <Execution>
      <TestTypeSpecific />
      <AgentRule name="Execution Agents">
      </AgentRule>
    </Execution>
  </TestSettings>
  <Times creation="2013-08-30T21:59:54.3860903+05:30" queuing="2013-08-30T21:59:55.3610903+05:30" start="2013-08-30T21:59:55.4890903+05:30" finish="2013-08-30T21:59:56.0860903+05:30" />
  <ResultSummary outcome="Error">
    <Counters total="2" executed="1" error="0" failed="0" timeout="0" aborted="1" inconclusive="0" passedButRunAborted="0" notRunnable="0" notExecuted="1" disconnected="0" warning="0" passed="0" completed="0" inProgress="0" pending="0" />
    <RunInfos>
      <RunInfo computerName="CLIENT129" outcome="Error" timestamp="2013-08-30T21:59:56.0850903+05:30">
        <Text>Test host process exited unexpectedly.</Text>
      </RunInfo>
    </RunInfos>
  </ResultSummary>
  <TestDefinitions>
    <UnitTest name="TravelConstructorTest" storage="c:\users\ravichandran\documents\github\meteredratefarecalculation\meteredratefarecalculation\testfarecalculation\bin\debug\testfarecalculation.dll" id="eacb91a5-f34b-5507-175d-2b7e78472cd6">
      <Execution id="485d8648-ffb1-4bb5-97fc-4aca1989b0a3" />
      <TestMethod codeBase="C:/Users/ravichandran/Documents/GitHub/MeteredRateFareCalculation/MeteredRateFareCalculation/TestFareCalculation/bin/Debug/TestFareCalculation.DLL" adapterTypeName="Microsoft.VisualStudio.TestTools.TestTypes.Unit.UnitTestAdapter, Microsoft.VisualStudio.QualityTools.Tips.UnitTest.Adapter, Version=10.0.0.0, Culture=neutral, PublicKeyToken=b03f5f7f11d50a3a" className="TestFareCalculation.TravelTest, TestFareCalculation, Version=1.0.0.0, Culture=neutral, PublicKeyToken=null" name="TravelConstructorTest" />
    </UnitTest>
    <UnitTest name="CalculateFareTest" storage="c:\users\ravichandran\documents\github\meteredratefarecalculation\meteredratefarecalculation\testfarecalculation\bin\debug\testfarecalculation.dll" id="87110abc-3daf-38f1-9ea0-6fc93f19d6a1">
      <Execution id="502cd64d-dc47-419e-9f4d-435563928ec0" />
      <TestMethod codeBase="C:/Users/ravichandran/Documents/GitHub/MeteredRateFareCalculation/MeteredRateFareCalculation/TestFareCalculation/bin/Debug/TestFareCalculation.DLL" adapterTypeName="Microsoft.VisualStudio.TestTools.TestTypes.Unit.UnitTestAdapter, Microsoft.VisualStudio.QualityTools.Tips.UnitTest.Adapter, Version=10.0.0.0, Culture=neutral, PublicKeyToken=b03f5f7f11d50a3a" className="TestFareCalculation.TravelTest, TestFareCalculation, Version=1.0.0.0, Culture=neutral, PublicKeyToken=null" name="CalculateFareTest" />
    </UnitTest>
  </TestDefinitions>
  <TestLists>
    <TestList name="Results Not in a List" id="8c84fa94-04c1-424b-9868-57a2d4851a1d" />
    <TestList name="All Loaded Results" id="19431567-8539-422a-85d7-44ee4e166bda" />
  </TestLists>
  <TestEntries>
    <TestEntry testId="87110abc-3daf-38f1-9ea0-6fc93f19d6a1" executionId="502cd64d-dc47-419e-9f4d-435563928ec0" testListId="8c84fa94-04c1-424b-9868-57a2d4851a1d" />
    <TestEntry testId="eacb91a5-f34b-5507-175d-2b7e78472cd6" executionId="485d8648-ffb1-4bb5-97fc-4aca1989b0a3" testListId="8c84fa94-04c1-424b-9868-57a2d4851a1d" />
  </TestEntries>
  <Results>
    <UnitTestResult executionId="502cd64d-dc47-419e-9f4d-435563928ec0" testId="87110abc-3daf-38f1-9ea0-6fc93f19d6a1" testName="CalculateFareTest" computerName="CLIENT129" duration="00:00:00.4590000" startTime="2013-08-30T21:59:55.6260903+05:30" endTime="2013-08-30T21:59:56.0850903+05:30" testType="13cdc9d9-ddb5-4fa4-a97d-d965ccfc6d4b" outcome="Aborted" testListId="8c84fa94-04c1-424b-9868-57a2d4851a1d" relativeResultsDirectory="502cd64d-dc47-419e-9f4d-435563928ec0">
    </UnitTestResult>
    <UnitTestResult executionId="485d8648-ffb1-4bb5-97fc-4aca1989b0a3" testId="eacb91a5-f34b-5507-175d-2b7e78472cd6" testName="TravelConstructorTest" computerName="CLIENT129" testType="13cdc9d9-ddb5-4fa4-a97d-d965ccfc6d4b" outcome="NotExecuted" testListId="8c84fa94-04c1-424b-9868-57a2d4851a1d" relativeResultsDirectory="485d8648-ffb1-4bb5-97fc-4aca1989b0a3">
    </UnitTestResult>
  </Results>
</TestRun>