<?xml version="1.0" encoding="UTF-8"?>
<TestRun id="2e6e011d-1773-4e31-905b-cdd317471cc8" name="ravichandran@CLIENT129 2013-08-30 22:00:25" runUser="DOTCOM\ravichandran" xmlns="http://microsoft.com/schemas/VisualStudio/TeamTest/2010">
  <TestSettings name="Default Test Settings" id="6f1693a2-0d14-4049-8284-1e69ad03b549">
    <Deployment runDeploymentRoot="ravichandran_CLIENT129 2013-08-30 22_00_25">
      <DeploymentItem filename="C:\Users\ravichandran\Documents\GitHub\MeteredRateFareCalculation\MeteredRateFareCalculation\MeteredRateFareCalculation\bin\Debug\MeteredRateFareCalculation.exe" />
      <DeploymentItem filename="C:\Users\ravichandran\Documents\GitHub\MeteredRateFareCalculation\MeteredRateFareCalculation\FareCalculationLibrary\bin\Debug\FareCalculationLibrary.dll" />
    </Deployment>
    <Execution>
      <TestTypeSpecific />
      <AgentRule name="Execution Agents">
      </AgentRule>
    </Execution>
  </TestSettings>
  <Times creation="2013-08-30T22:00:25.2230903+05:30" queuing="2013-08-30T22:00:25.4100903+05:30" start="2013-08-30T22:00:25.4290903+05:30" finish="2013-08-30T22:00:25.6220903+05:30" />
  <ResultSummary outcome="Completed">
    <Counters total="2" executed="2" passed="2" error="0" failed="0" timeout="0" aborted="0" inconclusive="0" passedButRunAborted="0" notRunnable="0" notExecuted="0" disconnected="0" warning="0" completed="0" inProgress="0" pending="0" />
  </ResultSummary>
  <TestDefinitions>
    <UnitTest name="TravelConstructorTest" storage="c:\users\ravichandran\documents\github\meteredratefarecalculation\meteredratefarecalculation\testfarecalculation\bin\debug\testfarecalculation.dll" id="eacb91a5-f34b-5507-175d-2b7e78472cd6">
      <Execution id="81df38f7-edc9-4ba3-8a6f-282d3f19285c" />
      <TestMethod codeBase="C:/Users/ravichandran/Documents/GitHub/MeteredRateFareCalculation/MeteredRateFareCalculation/TestFareCalculation/bin/Debug/TestFareCalculation.DLL" adapterTypeName="Microsoft.VisualStudio.TestTools.TestTypes.Unit.UnitTestAdapter, Microsoft.VisualStudio.QualityTools.Tips.UnitTest.Adapter, Version=10.0.0.0, Culture=neutral, PublicKeyToken=b03f5f7f11d50a3a" className="TestFareCalculation.TravelTest, TestFareCalculation, Version=1.0.0.0, Culture=neutral, PublicKeyToken=null" name="TravelConstructorTest" />
    </UnitTest>
    <UnitTest name="CalculateFareTest" storage="c:\users\ravichandran\documents\github\meteredratefarecalculation\meteredratefarecalculation\testfarecalculation\bin\debug\testfarecalculation.dll" id="87110abc-3daf-38f1-9ea0-6fc93f19d6a1">
      <Execution id="f9a9fedf-30e7-4401-9d1c-3b19482cb450" />
      <TestMethod codeBase="C:/Users/ravichandran/Documents/GitHub/MeteredRateFareCalculation/MeteredRateFareCalculation/TestFareCalculation/bin/Debug/TestFareCalculation.DLL" adapterTypeName="Microsoft.VisualStudio.TestTools.TestTypes.Unit.UnitTestAdapter, Microsoft.VisualStudio.QualityTools.Tips.UnitTest.Adapter, Version=10.0.0.0, Culture=neutral, PublicKeyToken=b03f5f7f11d50a3a" className="TestFareCalculation.TravelTest, TestFareCalculation, Version=1.0.0.0, Culture=neutral, PublicKeyToken=null" name="CalculateFareTest" />
    </UnitTest>
  </TestDefinitions>
  <TestLists>
    <TestList name="Results Not in a List" id="8c84fa94-04c1-424b-9868-57a2d4851a1d" />
    <TestList name="All Loaded Results" id="19431567-8539-422a-85d7-44ee4e166bda" />
  </TestLists>
  <TestEntries>
    <TestEntry testId="87110abc-3daf-38f1-9ea0-6fc93f19d6a1" executionId="f9a9fedf-30e7-4401-9d1c-3b19482cb450" testListId="8c84fa94-04c1-424b-9868-57a2d4851a1d" />
    <TestEntry testId="eacb91a5-f34b-5507-175d-2b7e78472cd6" executionId="81df38f7-edc9-4ba3-8a6f-282d3f19285c" testListId="8c84fa94-04c1-424b-9868-57a2d4851a1d" />
  </TestEntries>
  <Results>
    <UnitTestResult executionId="f9a9fedf-30e7-4401-9d1c-3b19482cb450" testId="87110abc-3daf-38f1-9ea0-6fc93f19d6a1" testName="CalculateFareTest" computerName="CLIENT129" duration="00:00:00.0211847" startTime="2013-08-30T22:00:25.4350903+05:30" endTime="2013-08-30T22:00:25.6040903+05:30" testType="13cdc9d9-ddb5-4fa4-a97d-d965ccfc6d4b" outcome="Passed" testListId="8c84fa94-04c1-424b-9868-57a2d4851a1d" relativeResultsDirectory="f9a9fedf-30e7-4401-9d1c-3b19482cb450">
    </UnitTestResult>
    <UnitTestResult executionId="81df38f7-edc9-4ba3-8a6f-282d3f19285c" testId="eacb91a5-f34b-5507-175d-2b7e78472cd6" testName="TravelConstructorTest" computerName="CLIENT129" duration="00:00:00.0011468" startTime="2013-08-30T22:00:25.6060903+05:30" endTime="2013-08-30T22:00:25.6090903+05:30" testType="13cdc9d9-ddb5-4fa4-a97d-d965ccfc6d4b" outcome="Passed" testListId="8c84fa94-04c1-424b-9868-57a2d4851a1d" relativeResultsDirectory="81df38f7-edc9-4ba3-8a6f-282d3f19285c">
    </UnitTestResult>
  </Results>
</TestRun>