<?xml version="1.0" encoding="UTF-8"?>
<TestRun id="073bb977-87f2-4db0-a44c-62b8861ca0df" name="ravichandran@CLIENT129 2013-08-30 21:16:17" runUser="DOTCOM\ravichandran" xmlns="http://microsoft.com/schemas/VisualStudio/TeamTest/2010">
  <TestSettings name="Default Test Settings" id="692a9f12-0bd4-4623-aa57-a0feadf0b3b7">
    <Deployment runDeploymentRoot="ravichandran_CLIENT129 2013-08-30 21_16_17">
      <DeploymentItem filename="C:\Users\ravichandran\Documents\GitHub\MeteredRateFareCalculation\MeteredRateFareCalculation\MeteredRateFareCalculation\bin\Debug\MeteredRateFareCalculation.exe" />
      <DeploymentItem filename="C:\Users\ravichandran\Documents\GitHub\MeteredRateFareCalculation\MeteredRateFareCalculation\FareCalculationLibrary\bin\Debug\FareCalculationLibrary.dll" />
    </Deployment>
    <Execution>
      <TestTypeSpecific />
      <AgentRule name="Execution Agents">
      </AgentRule>
    </Execution>
  </TestSettings>
  <Times creation="2013-08-30T21:16:17.7635637+05:30" queuing="2013-08-30T21:16:19.2335343+05:30" start="2013-08-30T21:16:19.3735315+05:30" finish="2013-08-30T21:16:31.7592897+05:30" />
  <ResultSummary outcome="Error">
    <Counters total="3" executed="1" error="0" failed="0" timeout="0" aborted="1" inconclusive="0" passedButRunAborted="0" notRunnable="0" notExecuted="2" disconnected="0" warning="0" passed="0" completed="0" inProgress="0" pending="0" />
    <RunInfos>
      <RunInfo computerName="CLIENT129" outcome="Error" timestamp="2013-08-30T21:16:31.7582897+05:30">
        <Text>Test host process exited unexpectedly.</Text>
      </RunInfo>
    </RunInfos>
  </ResultSummary>
  <TestDefinitions>
    <UnitTest name="CalculateFareTest" storage="c:\users\ravichandran\documents\github\meteredratefarecalculation\meteredratefarecalculation\testfarecalculation\bin\debug\testfarecalculation.dll" id="87110abc-3daf-38f1-9ea0-6fc93f19d6a1">
      <Execution id="8c0a7607-3f99-424b-b640-f8dbfb934258" />
      <TestMethod codeBase="C:/Users/ravichandran/Documents/GitHub/MeteredRateFareCalculation/MeteredRateFareCalculation/TestFareCalculation/bin/Debug/TestFareCalculation.DLL" adapterTypeName="Microsoft.VisualStudio.TestTools.TestTypes.Unit.UnitTestAdapter, Microsoft.VisualStudio.QualityTools.Tips.UnitTest.Adapter, Version=10.0.0.0, Culture=neutral, PublicKeyToken=b03f5f7f11d50a3a" className="TestFareCalculation.TravelTest, TestFareCalculation, Version=1.0.0.0, Culture=neutral, PublicKeyToken=null" name="CalculateFareTest" />
    </UnitTest>
    <UnitTest name="FareCalculationConstructorTest" storage="c:\users\ravichandran\documents\github\meteredratefarecalculation\meteredratefarecalculation\testfarecalculation\bin\debug\testfarecalculation.dll" id="8afb750c-8a89-420a-0e67-cc7cc71627d8">
      <Execution id="4370a51b-4f8d-4e43-9878-dfb69682daaf" />
      <TestMethod codeBase="C:/Users/ravichandran/Documents/GitHub/MeteredRateFareCalculation/MeteredRateFareCalculation/TestFareCalculation/bin/Debug/TestFareCalculation.DLL" adapterTypeName="Microsoft.VisualStudio.TestTools.TestTypes.Unit.UnitTestAdapter, Microsoft.VisualStudio.QualityTools.Tips.UnitTest.Adapter, Version=10.0.0.0, Culture=neutral, PublicKeyToken=b03f5f7f11d50a3a" className="TestFareCalculation.FareCalculationTest, TestFareCalculation, Version=1.0.0.0, Culture=neutral, PublicKeyToken=null" name="FareCalculationConstructorTest" />
    </UnitTest>
    <UnitTest name="TravelConstructorTest" storage="c:\users\ravichandran\documents\github\meteredratefarecalculation\meteredratefarecalculation\testfarecalculation\bin\debug\testfarecalculation.dll" id="eacb91a5-f34b-5507-175d-2b7e78472cd6">
      <Execution id="93582c66-5219-4c5b-ade2-3b68b3e9947d" />
      <TestMethod codeBase="C:/Users/ravichandran/Documents/GitHub/MeteredRateFareCalculation/MeteredRateFareCalculation/TestFareCalculation/bin/Debug/TestFareCalculation.DLL" adapterTypeName="Microsoft.VisualStudio.TestTools.TestTypes.Unit.UnitTestAdapter, Microsoft.VisualStudio.QualityTools.Tips.UnitTest.Adapter, Version=10.0.0.0, Culture=neutral, PublicKeyToken=b03f5f7f11d50a3a" className="TestFareCalculation.TravelTest, TestFareCalculation, Version=1.0.0.0, Culture=neutral, PublicKeyToken=null" name="TravelConstructorTest" />
    </UnitTest>
  </TestDefinitions>
  <TestLists>
    <TestList name="Results Not in a List" id="8c84fa94-04c1-424b-9868-57a2d4851a1d" />
    <TestList name="All Loaded Results" id="19431567-8539-422a-85d7-44ee4e166bda" />
  </TestLists>
  <TestEntries>
    <TestEntry testId="8afb750c-8a89-420a-0e67-cc7cc71627d8" executionId="4370a51b-4f8d-4e43-9878-dfb69682daaf" testListId="8c84fa94-04c1-424b-9868-57a2d4851a1d" />
    <TestEntry testId="87110abc-3daf-38f1-9ea0-6fc93f19d6a1" executionId="8c0a7607-3f99-424b-b640-f8dbfb934258" testListId="8c84fa94-04c1-424b-9868-57a2d4851a1d" />
    <TestEntry testId="eacb91a5-f34b-5507-175d-2b7e78472cd6" executionId="93582c66-5219-4c5b-ade2-3b68b3e9947d" testListId="8c84fa94-04c1-424b-9868-57a2d4851a1d" />
  </TestEntries>
  <Results>
    <UnitTestResult executionId="4370a51b-4f8d-4e43-9878-dfb69682daaf" testId="8afb750c-8a89-420a-0e67-cc7cc71627d8" testName="FareCalculationConstructorTest" computerName="CLIENT129" duration="00:00:12.2447610" startTime="2013-08-30T21:16:19.5135287+05:30" endTime="2013-08-30T21:16:31.7582897+05:30" testType="13cdc9d9-ddb5-4fa4-a97d-d965ccfc6d4b" outcome="Aborted" testListId="8c84fa94-04c1-424b-9868-57a2d4851a1d" relativeResultsDirectory="4370a51b-4f8d-4e43-9878-dfb69682daaf">
    </UnitTestResult>
    <UnitTestResult executionId="8c0a7607-3f99-424b-b640-f8dbfb934258" testId="87110abc-3daf-38f1-9ea0-6fc93f19d6a1" testName="CalculateFareTest" computerName="CLIENT129" testType="13cdc9d9-ddb5-4fa4-a97d-d965ccfc6d4b" outcome="NotExecuted" testListId="8c84fa94-04c1-424b-9868-57a2d4851a1d" relativeResultsDirectory="8c0a7607-3f99-424b-b640-f8dbfb934258">
    </UnitTestResult>
    <UnitTestResult executionId="93582c66-5219-4c5b-ade2-3b68b3e9947d" testId="eacb91a5-f34b-5507-175d-2b7e78472cd6" testName="TravelConstructorTest" computerName="CLIENT129" testType="13cdc9d9-ddb5-4fa4-a97d-d965ccfc6d4b" outcome="NotExecuted" testListId="8c84fa94-04c1-424b-9868-57a2d4851a1d" relativeResultsDirectory="93582c66-5219-4c5b-ade2-3b68b3e9947d">
    </UnitTestResult>
  </Results>
</TestRun>