<?xml version="1.0" encoding="UTF-8"?>
<TestRun id="fb053d07-8d0f-436e-870f-f66577479e1a" name="ravichandran@CLIENT129 2013-08-28 23:49:12" runUser="DOTCOM\ravichandran" xmlns="http://microsoft.com/schemas/VisualStudio/TeamTest/2010">
  <TestSettings name="Default Test Settings" id="61c30e87-2cf8-4ddc-8caf-5b941c5fcff9">
    <Deployment userDeploymentRoot="E:\User Home\Developers\Ravichandran\CurrentProject\Proposals\Metered Rate of Fare\TestProgram\MeteredRateFareCalculation\TestResults" useDefaultDeploymentRoot="false" runDeploymentRoot="ravichandran_CLIENT129 2013-08-28 23_49_12">
      <DeploymentItem filename="E:\User Home\Developers\Ravichandran\CurrentProject\Proposals\Metered Rate of Fare\TestProgram\MeteredRateFareCalculation\FareCalculationLibrary\bin\Debug\FareCalculationLibrary.dll" />
    </Deployment>
    <Execution>
      <TestTypeSpecific />
      <AgentRule name="Execution Agents">
      </AgentRule>
    </Execution>
  </TestSettings>
  <Times creation="2013-08-28T23:49:12.6814235+05:30" queuing="2013-08-28T23:49:15.2424235+05:30" start="2013-08-28T23:49:15.3084235+05:30" finish="2013-08-28T23:49:16.8324235+05:30" />
  <ResultSummary outcome="Completed">
    <Counters total="1" executed="1" passed="1" error="0" failed="0" timeout="0" aborted="0" inconclusive="0" passedButRunAborted="0" notRunnable="0" notExecuted="0" disconnected="0" warning="0" completed="0" inProgress="0" pending="0" />
  </ResultSummary>
  <TestDefinitions>
    <UnitTest name="TestFareCalculation" storage="e:\user home\developers\ravichandran\currentproject\proposals\metered rate of fare\testprogram\meteredratefarecalculation\testfarecalculation\bin\debug\testfarecalculation.dll" id="e55646cd-2d93-f05b-3c2e-d909e3c0d1cc">
      <Execution id="f97b576a-5b54-4c8d-a6c7-8ebf70e72a21" />
      <TestMethod codeBase="E:/User Home/Developers/Ravichandran/CurrentProject/Proposals/Metered Rate of Fare/TestProgram/MeteredRateFareCalculation/TestFareCalculation/bin/Debug/TestFareCalculation.DLL" adapterTypeName="Microsoft.VisualStudio.TestTools.TestTypes.Unit.UnitTestAdapter, Microsoft.VisualStudio.QualityTools.Tips.UnitTest.Adapter, Version=10.0.0.0, Culture=neutral, PublicKeyToken=b03f5f7f11d50a3a" className="TestFareCalculation.UnitTestFareCalculation, TestFareCalculation, Version=1.0.0.0, Culture=neutral, PublicKeyToken=null" name="TestFareCalculation" />
    </UnitTest>
  </TestDefinitions>
  <TestLists>
    <TestList name="Results Not in a List" id="8c84fa94-04c1-424b-9868-57a2d4851a1d" />
    <TestList name="All Loaded Results" id="19431567-8539-422a-85d7-44ee4e166bda" />
  </TestLists>
  <TestEntries>
    <TestEntry testId="e55646cd-2d93-f05b-3c2e-d909e3c0d1cc" executionId="f97b576a-5b54-4c8d-a6c7-8ebf70e72a21" testListId="8c84fa94-04c1-424b-9868-57a2d4851a1d" />
  </TestEntries>
  <Results>
    <UnitTestResult executionId="f97b576a-5b54-4c8d-a6c7-8ebf70e72a21" testId="e55646cd-2d93-f05b-3c2e-d909e3c0d1cc" testName="TestFareCalculation" computerName="CLIENT129" duration="00:00:00.0154775" startTime="2013-08-28T23:49:15.4054235+05:30" endTime="2013-08-28T23:49:16.6344235+05:30" testType="13cdc9d9-ddb5-4fa4-a97d-d965ccfc6d4b" outcome="Passed" testListId="8c84fa94-04c1-424b-9868-57a2d4851a1d" relativeResultsDirectory="f97b576a-5b54-4c8d-a6c7-8ebf70e72a21">
      <Output>
        <StdOut>Total Fare: 9.75</StdOut>
      </Output>
    </UnitTestResult>
  </Results>
</TestRun>