<?xml version="1.0" encoding="UTF-8"?>
<TestRun id="d478d0e5-ee91-4b3a-ac85-35bf038b2399" name="ravichandran@CLIENT129 2013-08-28 23:51:29" runUser="DOTCOM\ravichandran" xmlns="http://microsoft.com/schemas/VisualStudio/TeamTest/2010">
  <TestSettings name="Default Test Settings" id="9d7a5c68-4811-46a7-8bd8-1d65c06c7738">
    <Deployment runDeploymentRoot="ravichandran_CLIENT129 2013-08-28 23_51_29">
      <DeploymentItem filename="E:\User Home\Developers\Ravichandran\CurrentProject\Proposals\Metered Rate of Fare\TestProgram\MeteredRateFareCalculation\FareCalculationLibrary\bin\Debug\FareCalculationLibrary.dll" />
    </Deployment>
    <Execution>
      <TestTypeSpecific />
      <AgentRule name="Execution Agents">
      </AgentRule>
    </Execution>
  </TestSettings>
  <Times creation="2013-08-28T23:51:29.6884235+05:30" queuing="2013-08-28T23:51:29.8774235+05:30" start="2013-08-28T23:51:29.8954235+05:30" finish="2013-08-28T23:51:30.2124235+05:30" />
  <ResultSummary outcome="Failed">
    <Counters total="1" executed="1" error="0" failed="1" timeout="0" aborted="0" inconclusive="0" passedButRunAborted="0" notRunnable="0" notExecuted="0" disconnected="0" warning="0" passed="0" completed="0" inProgress="0" pending="0" />
  </ResultSummary>
  <TestDefinitions>
    <UnitTest name="TestFareCalculation" storage="e:\user home\developers\ravichandran\currentproject\proposals\metered rate of fare\testprogram\meteredratefarecalculation\testfarecalculation\bin\debug\testfarecalculation.dll" id="e55646cd-2d93-f05b-3c2e-d909e3c0d1cc">
      <Execution id="bcededf8-8b76-4f3b-8988-01498dbf41d3" />
      <TestMethod codeBase="E:/User Home/Developers/Ravichandran/CurrentProject/Proposals/Metered Rate of Fare/TestProgram/MeteredRateFareCalculation/TestFareCalculation/bin/Debug/TestFareCalculation.DLL" adapterTypeName="Microsoft.VisualStudio.TestTools.TestTypes.Unit.UnitTestAdapter, Microsoft.VisualStudio.QualityTools.Tips.UnitTest.Adapter, Version=10.0.0.0, Culture=neutral, PublicKeyToken=b03f5f7f11d50a3a" className="TestFareCalculation.UnitTestFareCalculation, TestFareCalculation, Version=1.0.0.0, Culture=neutral, PublicKeyToken=null" name="TestFareCalculation" />
    </UnitTest>
  </TestDefinitions>
  <TestLists>
    <TestList name="Results Not in a List" id="8c84fa94-04c1-424b-9868-57a2d4851a1d" />
    <TestList name="All Loaded Results" id="19431567-8539-422a-85d7-44ee4e166bda" />
  </TestLists>
  <TestEntries>
    <TestEntry testId="e55646cd-2d93-f05b-3c2e-d909e3c0d1cc" executionId="bcededf8-8b76-4f3b-8988-01498dbf41d3" testListId="8c84fa94-04c1-424b-9868-57a2d4851a1d" />
  </TestEntries>
  <Results>
    <UnitTestResult executionId="bcededf8-8b76-4f3b-8988-01498dbf41d3" testId="e55646cd-2d93-f05b-3c2e-d909e3c0d1cc" testName="TestFareCalculation" computerName="CLIENT129" duration="00:00:00.1367510" startTime="2013-08-28T23:51:29.9024235+05:30" endTime="2013-08-28T23:51:30.1854235+05:30" testType="13cdc9d9-ddb5-4fa4-a97d-d965ccfc6d4b" outcome="Failed" testListId="8c84fa94-04c1-424b-9868-57a2d4851a1d" relativeResultsDirectory="bcededf8-8b76-4f3b-8988-01498dbf41d3">
      <Output>
        <ErrorInfo>
          <Message>Assert.Fail failed. Total Fare: 9.75</Message>
          <StackTrace>   at TestFareCalculation.UnitTestFareCalculation.TestFareCalculation() in E:\User Home\Developers\Ravichandran\CurrentProject\Proposals\Metered Rate of Fare\TestProgram\MeteredRateFareCalculation\TestFareCalculation\UnitTestFareCalculation.cs:line 25
</StackTrace>
        </ErrorInfo>
      </Output>
    </UnitTestResult>
  </Results>
</TestRun>